6.18;23.74;1004.54;48.85
6.71;23.74;1004.53;48.84
7.23;23.74;1004.56;48.82
7.75;23.74;1004.56;48.80
8.27;23.74;1004.54;48.80
8.80;23.74;1004.56;48.81
9.32;23.74;1004.56;48.82
9.84;23.74;1004.56;48.83
10.36;23.74;1004.56;48.85
10.88;23.74;1004.56;48.86
11.40;23.74;1004.56;48.88
11.93;23.74;1004.57;48.89
12.45;23.74;1004.55;48.89
12.97;23.74;1004.57;48.89
13.49;23.74;1004.57;48.89
14.01;23.74;1004.54;48.89
14.53;23.75;1004.58;48.89
15.06;23.74;1004.55;48.90
15.58;23.74;1004.52;48.90
16.10;23.74;1004.56;48.91
16.62;23.74;1004.59;48.91
17.15;23.74;1004.57;48.91
17.67;23.74;1004.54;48.91
18.19;23.74;1004.58;48.91
18.71;23.73;1004.55;48.91
19.23;23.74;1004.56;48.90
19.76;23.73;1004.56;48.89
20.28;23.74;1004.56;48.89
20.80;23.74;1004.58;48.88
21.32;23.74;1004.56;48.88
21.84;23.74;1004.54;48.88
22.37;23.74;1004.54;48.88
22.89;23.74;1004.57;48.88
23.41;23.74;1004.57;48.88
23.93;23.74;1004.56;48.88
24.46;23.74;1004.57;48.88
24.98;23.74;1004.57;48.89
25.50;23.74;1004.54;48.89
26.02;23.74;1004.56;48.89
26.55;23.74;1004.55;48.91
27.07;23.74;1004.55;48.90
27.59;23.74;1004.56;48.91
28.11;23.74;1004.56;48.90
28.64;23.74;1004.55;48.90
29.16;23.74;1004.58;48.89
29.68;23.73;1004.57;48.89
30.20;23.73;1004.56;48.87
30.72;23.73;1004.54;48.86
31.25;23.73;1004.56;48.86
31.77;23.73;1004.53;48.85
32.29;23.74;1004.57;48.83
32.81;23.73;1004.56;48.84
33.33;23.74;1004.58;48.84
33.85;23.74;1004.55;48.84
34.38;23.73;1004.53;48.84
34.90;23.74;1004.56;48.85
35.42;23.74;1004.53;48.86
35.94;23.74;1004.56;48.86
36.47;23.73;1004.57;48.89
36.99;23.73;1004.58;48.89
37.51;23.73;1004.57;48.91
38.03;23.74;1004.57;48.92
38.56;23.74;1004.55;48.91
39.08;23.74;1004.55;48.91
39.60;23.73;1004.56;48.91
40.12;23.73;1004.56;48.91
40.65;23.73;1004.55;48.91
41.17;23.74;1004.55;48.91
41.69;23.73;1004.56;48.91
42.21;23.74;1004.55;48.91
42.73;23.74;1004.55;48.91
43.25;23.74;1004.55;48.91
43.78;23.73;1004.54;48.92
44.30;23.73;1004.54;48.92
44.82;23.74;1004.54;48.92
45.34;23.73;1004.58;48.91
45.86;23.73;1004.56;48.91
46.39;23.73;1004.58;48.89
46.91;23.73;1004.57;48.86
47.43;23.73;1004.57;48.83
47.95;23.73;1004.56;48.78
48.47;23.73;1004.57;48.77
49.00;23.73;1004.55;48.76
49.52;23.73;1004.58;48.76
50.04;23.73;1004.59;48.78
50.56;23.73;1004.54;48.82
51.08;23.73;1004.57;48.83
51.60;23.73;1004.56;48.84
52.13;23.73;1004.54;48.85
52.65;23.73;1004.57;48.86
53.17;23.73;1004.54;48.86
53.69;23.73;1004.54;48.86
54.22;23.73;1004.57;48.87
54.74;23.73;1004.54;48.87
55.26;23.73;1004.54;48.88
55.78;23.73;1004.56;48.89
56.30;23.73;1004.55;48.88
56.82;23.73;1004.56;48.90
57.34;23.73;1004.56;48.88
57.87;23.73;1004.55;48.89
58.39;23.73;1004.55;48.87
58.91;23.73;1004.55;48.86
59.43;23.73;1004.58;48.86
59.95;23.72;1004.54;48.86
60.47;23.73;1004.55;48.86
61.00;23.73;1004.58;48.86
61.52;23.73;1004.56;48.86
62.04;23.72;1004.54;48.86
62.56;23.73;1004.55;48.87
63.08;23.72;1004.55;48.86
63.61;23.73;1004.56;48.87
64.13;23.72;1004.56;48.88
64.65;23.72;1004.55;48.89
65.17;23.73;1004.55;48.91
65.69;23.73;1004.56;48.90
66.22;23.72;1004.59;48.90
66.74;23.72;1004.57;48.88
67.26;23.72;1004.56;48.88
67.78;23.72;1004.55;48.88
68.30;23.72;1004.56;48.87
68.83;23.72;1004.54;48.86
69.35;23.72;1004.53;48.85
69.87;23.72;1004.55;48.82
70.39;23.72;1004.53;48.83
70.92;23.71;1004.52;48.82
71.44;23.72;1004.54;48.82
71.96;23.72;1004.54;48.83
72.48;23.71;1004.53;48.84
73.00;23.72;1004.55;48.84
73.53;23.72;1004.57;48.84
74.05;23.72;1004.52;48.84
74.57;23.72;1004.52;48.84
75.09;23.72;1004.54;48.85
75.61;23.72;1004.54;48.85
76.14;23.72;1004.56;48.85
76.66;23.72;1004.55;48.85
77.18;23.72;1004.54;48.87
77.70;23.72;1004.56;48.86
78.22;23.71;1004.56;48.87
78.75;23.72;1004.55;48.87
79.27;23.71;1004.56;48.87
79.79;23.71;1004.55;48.86
80.31;23.72;1004.57;48.86
80.83;23.72;1004.54;48.84
81.35;23.72;1004.55;48.84
81.87;23.72;1004.53;48.84
82.40;23.72;1004.58;48.83
82.92;23.72;1004.57;48.83
83.44;23.72;1004.56;48.83
83.96;23.72;1004.55;48.84
84.48;23.72;1004.57;48.84
85.00;23.73;1004.55;48.85
85.53;23.73;1004.59;48.86
86.05;23.72;1004.55;48.86
86.57;23.72;1004.59;48.88
87.09;23.72;1004.58;48.89
87.61;23.72;1004.56;48.91
88.13;23.72;1004.56;48.92
88.65;23.72;1004.59;48.92
89.18;23.72;1004.57;48.93
89.70;23.72;1004.57;48.93
90.22;23.72;1004.59;48.93
90.74;23.71;1004.57;48.91
91.27;23.72;1004.57;48.89
91.79;23.71;1004.60;48.88
92.31;23.71;1004.56;48.87
92.83;23.71;1004.53;48.87
93.35;23.71;1004.53;48.88
93.87;23.71;1004.57;48.88
94.39;23.72;1004.56;48.89
94.92;23.72;1004.55;48.89
95.44;23.72;1004.56;48.89
95.96;23.72;1004.58;48.88
96.49;23.72;1004.56;48.87
97.01;23.72;1004.55;48.86
97.53;23.72;1004.56;48.86
98.05;23.72;1004.56;48.86
98.57;23.72;1004.58;48.85
99.10;23.72;1004.57;48.85
99.62;23.72;1004.58;48.84
100.14;23.71;1004.56;48.84
100.66;23.72;1004.57;48.80
101.19;23.71;1004.55;48.83
101.71;23.72;1004.57;48.83
102.23;23.71;1004.58;48.83
102.75;23.71;1004.56;48.84
103.27;23.72;1004.58;48.85
103.80;23.72;1004.55;48.86
104.32;23.71;1004.55;48.87
104.84;23.71;1004.57;48.87
105.36;23.71;1004.58;48.87
105.89;23.71;1004.57;48.87
106.41;23.71;1004.55;48.86
106.93;23.71;1004.58;48.87
107.45;23.71;1004.54;48.88
107.98;23.71;1004.55;48.88
108.50;23.71;1004.58;48.89
109.02;23.70;1004.57;48.91
109.54;23.70;1004.56;48.91
110.06;23.70;1004.54;48.91
110.58;23.70;1004.55;48.90
111.11;23.70;1004.56;48.89
111.63;23.70;1004.55;48.89
112.15;23.70;1004.55;48.88
112.67;23.71;1004.55;48.88
113.20;23.71;1004.55;48.88
113.72;23.71;1004.58;48.88
114.24;23.71;1004.54;48.88
